<?xml version="1.0" encoding="UTF-8"?>
<!-- Generated by org.testng.reporters.JUnitReportReporter -->
<testsuite skipped="0" hostname="Akash-WorkStation" name="com.rahul.BDDProject.AppTest" tests="1" failures="0" timestamp="2022-03-03T10:41:48 IST" time="0.017" errors="0">
  <testcase name="shouldAnswerWithTrue" time="0.017" classname="com.rahul.BDDProject.AppTest"/>
  <system-out/>
</testsuite> <!-- com.rahul.BDDProject.AppTest -->
